<?xml version="1.0" encoding="UTF-8" ?>
<testsuite errors="0" failures="0" hostname="DESKTOP-7B87E0E" name="info.itest.V2exAPITest" skipped="0" tests="1" time="2.791" timestamp="2019-08-04T09:56:55">
  <properties>
    <property name="java.vendor" value="Oracle Corporation" />
    <property name="env.USERDOMAIN_ROAMINGPROFILE" value="DESKTOP-7B87E0E" />
    <property name="sun.java.launcher" value="SUN_STANDARD" />
    <property name="eclipse.pdebuild.templates" value="D:\Eclipse\eclipse\eclipse\plugins\org.eclipse.pde.build_3.9.300.v20170515-0912\templates" />
    <property name="sun.management.compiler" value="HotSpot 64-Bit Tiered Compilers" />
    <property name="env.PROMPT" value="$P$G" />
    <property name="os.name" value="Windows 10" />
    <property name="sun.boot.class.path" value="D:\JDK\lib\resources.jar;D:\JDK\lib\rt.jar;D:\JDK\lib\sunrsasign.jar;D:\JDK\lib\jsse.jar;D:\JDK\lib\jce.jar;D:\JDK\lib\charsets.jar;D:\JDK\lib\jfr.jar;D:\JDK\classes" />
    <property name="env.COMPUTERNAME" value="DESKTOP-7B87E0E" />
    <property name="env.CommonProgramW6432" value="C:\Program Files\Common Files" />
    <property name="env.ALLUSERSPROFILE" value="C:\ProgramData" />
    <property name="sun.desktop" value="windows" />
    <property name="java.vm.specification.vendor" value="Oracle Corporation" />
    <property name="ant.home" value="D:\Eclipse\eclipse\eclipse\plugins\org.apache.ant_1.10.1.v20170504-0840" />
    <property name="java.runtime.version" value="1.8.0_151-b12" />
    <property name="env.HOMEPATH" value="\Users\Wangqian" />
    <property name="user.name" value="Wangqian" />
    <property name="user.language" value="zh" />
    <property name="sun.boot.library.path" value="D:\JDK\bin" />
    <property name="ant.project.default-target" value="build" />
    <property name="ant.project.name" value="InterfaceAutomation" />
    <property name="java.version" value="1.8.0_151" />
    <property name="env.PROCESSOR_IDENTIFIER" value="Intel64 Family 6 Model 37 Stepping 5, GenuineIntel" />
    <property name="user.timezone" value="" />
    <property name="env.TEMP" value="C:\Users\Wangqian\AppData\Local\Temp" />
    <property name="sun.arch.data.model" value="64" />
    <property name="java.endorsed.dirs" value="D:\JDK\lib\endorsed" />
    <property name="sun.cpu.isalist" value="amd64" />
    <property name="env.HOMEDRIVE" value="C:" />
    <property name="sun.jnu.encoding" value="GBK" />
    <property name="file.encoding.pkg" value="sun.io" />
    <property name="ECLIPSE_HOME" value="../../Eclipse/eclipse/eclipse/" />
    <property name="file.separator" value="\" />
    <property name="java.specification.name" value="Java Platform API Specification" />
    <property name="java.class.version" value="52.0" />
    <property name="user.country" value="CN" />
    <property name="java.home" value="D:\JDK" />
    <property name="env.PSModulePath" value="C:\Program Files\WindowsPowerShell\Modules;C:\Windows\system32\WindowsPowerShell\v1.0\Modules" />
    <property name="env.APPDATA" value="C:\Users\Wangqian\AppData\Roaming" />
    <property name="env.PUBLIC" value="C:\Users\Public" />
    <property name="java.vm.info" value="mixed mode" />
    <property name="env.ComSpec" value="C:\Windows\system32\cmd.exe" />
    <property name="env.OS" value="Windows_NT" />
    <property name="env.CommonProgramFiles" value="C:\Program Files\Common Files" />
    <property name="ant.file" value="D:\Eclipse_code\InterfaceAutomation\build.xml" />
    <property name="os.version" value="10.0" />
    <property name="env.ProgramW6432" value="C:\Program Files" />
    <property name="path.separator" value=";" />
    <property name="java.vm.version" value="25.151-b12" />
    <property name="env.USERPROFILE" value="C:\Users\Wangqian" />
    <property name="user.variant" value="" />
    <property name="ant.library.dir" value="D:\Eclipse\eclipse\eclipse\plugins\org.apache.ant_1.10.1.v20170504-0840\lib" />
    <property name="junit.output.dir" value="junit" />
    <property name="env.JAVA_HOME" value="D:\JDK" />
    <property name="java.awt.printerjob" value="sun.awt.windows.WPrinterJob" />
    <property name="env.TMP" value="C:\Users\Wangqian\AppData\Local\Temp" />
    <property name="env.FPS_BROWSER_USER_PROFILE_STRING" value="Default" />
    <property name="sun.io.unicode.encoding" value="UnicodeLittle" />
    <property name="awt.toolkit" value="sun.awt.windows.WToolkit" />
    <property name="user.script" value="" />
    <property name="eclipse.pdebuild.scripts" value="D:\Eclipse\eclipse\eclipse\plugins\org.eclipse.pde.build_3.9.300.v20170515-0912\scripts" />
    <property name="ant.file.type.InterfaceAutomation" value="file" />
    <property name="user.home" value="C:\Users\Wangqian" />
    <property name="target" value="1.8" />
    <property name="env.ProgramData" value="C:\ProgramData" />
    <property name="env.SESSIONNAME" value="Console" />
    <property name="env.ProgramFiles(x86)" value="C:\Program Files (x86)" />
    <property name="java.specification.vendor" value="Oracle Corporation" />
    <property name="env.CLASSPATH" value=".;D:\JDK\lib\dt.jar;D:\JDK\lib\tools.jar;" />
    <property name="java.library.path" value="D:\JDK\bin;C:\Windows\Sun\Java\bin;C:\Windows\system32;C:\Windows;D:/JDK/bin/server;D:/JDK/bin;D:/JDK/lib/amd64;C:\ProgramData\Oracle\Java\javapath;C:\Windows\system32;C:\Windows;C:\Windows\System32\Wbem;C:\Windows\System32\WindowsPowerShell\v1.0\;&quot;D:\JDK\bin;D:\JDK\jre\bin&quot;;\;D:\Android\Git\Git\cmd;E:\PYT\Scripts\;E:\PYT\;C:\Users\Wangqian\AppData\Local\Microsoft\WindowsApps;&quot;E:\PYT\Scripts;&quot;;;E:\SHDownload\pic\搜狐影音\5.2.7.2;D:\Eclipse\eclipse\eclipse;;." />
    <property name="env.NUMBER_OF_PROCESSORS" value="4" />
    <property name="java.vendor.url" value="http://java.oracle.com/" />
    <property name="java.vm.vendor" value="Oracle Corporation" />
    <property name="java.runtime.name" value="Java(TM) SE Runtime Environment" />
    <property name="ant.version" value="Apache Ant(TM) version 1.10.1 compiled on February 2 2017" />
    <property name="java.class.path" value="D:\Eclipse_code\InterfaceAutomation\bin;D:\Eclipse\eclipse\eclipse\plugins\org.junit_4.12.0.v201504281640\junit.jar;D:\Eclipse\eclipse\eclipse\plugins\org.hamcrest.core_1.3.0.v201303031735.jar;D:\Eclipse_code\InterfaceAutomation\Lib\fastjson-1.2.59.jar;D:\Eclipse_code\InterfaceAutomation\Lib\okhttp-3.9.0.jar;D:\Eclipse_code\InterfaceAutomation\Lib\okio-1.10.0.jar;D:\Eclipse_code\InterfaceAutomation;D:\JDK\lib\dt.jar;D:\JDK\lib\tools.jar;D:\Eclipse\eclipse\eclipse\plugins\org.apache.ant_1.10.1.v20170504-0840\lib\ant-launcher.jar;D:\Eclipse\eclipse\eclipse\plugins\org.apache.ant_1.10.1.v20170504-0840\lib\ant.jar;D:\Eclipse\eclipse\eclipse\plugins\org.apache.ant_1.10.1.v20170504-0840\lib\ant-junit.jar;D:\Eclipse\eclipse\eclipse\plugins\org.apache.ant_1.10.1.v20170504-0840\lib\ant-junit4.jar" />
    <property name="sun.java.command" value="org.apache.tools.ant.taskdefs.optional.junit.JUnitTestRunner info.itest.V2exAPITest skipNonTests=false filtertrace=true haltOnError=false haltOnFailure=false formatter=org.apache.tools.ant.taskdefs.optional.junit.OutErrSummaryJUnitResultFormatter showoutput=false outputtoformatters=true logfailedtests=true threadid=0 logtestlistenerevents=false formatter=org.apache.tools.ant.taskdefs.optional.junit.XMLJUnitResultFormatter,D:\Eclipse_code\InterfaceAutomation\junit\TEST-info.itest.V2exAPITest.xml crashfile=D:\Eclipse_code\InterfaceAutomation\junitvmwatcher5590212670203338906.properties propsfile=D:\Eclipse_code\InterfaceAutomation\junit8980384899497360686.properties" />
    <property name="ant.file.InterfaceAutomation" value="D:\Eclipse_code\InterfaceAutomation\build.xml" />
    <property name="java.vm.specification.name" value="Java Virtual Machine Specification" />
    <property name="env.LOGONSERVER" value="\\DESKTOP-7B87E0E" />
    <property name="env.windir" value="C:\Windows" />
    <property name="env.PROCESSOR_ARCHITECTURE" value="AMD64" />
    <property name="java.vm.specification.version" value="1.8" />
    <property name="sun.os.patch.level" value="" />
    <property name="sun.cpu.endian" value="little" />
    <property name="debuglevel" value="source,lines,vars" />
    <property name="env.OneDrive" value="C:\Users\Wangqian\OneDrive" />
    <property name="env.ProgramFiles" value="C:\Program Files" />
    <property name="env.ANT_HOME" value="D:\Eclipse\eclipse\eclipse\plugins\org.apache.ant_1.10.1.v20170504-0840" />
    <property name="java.io.tmpdir" value="C:\Users\Wangqian\AppData\Local\Temp\" />
    <property name="env.PROCESSOR_REVISION" value="2505" />
    <property name="eclipse.pdebuild.home" value="D:\Eclipse\eclipse\eclipse\plugins\org.eclipse.pde.build_3.9.300.v20170515-0912\." />
    <property name="env.CommonProgramFiles(x86)" value="C:\Program Files (x86)\Common Files" />
    <property name="java.vendor.url.bug" value="http://bugreport.sun.com/bugreport/" />
    <property name="env.SystemRoot" value="C:\Windows" />
    <property name="env.FPS_BROWSER_APP_PROFILE_STRING" value="Internet Explorer" />
    <property name="os.arch" value="amd64" />
    <property name="java.awt.graphicsenv" value="sun.awt.Win32GraphicsEnvironment" />
    <property name="java.ext.dirs" value="D:\JDK\lib\ext;C:\Windows\Sun\Java\lib\ext" />
    <property name="user.dir" value="D:\Eclipse_code\InterfaceAutomation" />
    <property name="env.LOCALAPPDATA" value="C:\Users\Wangqian\AppData\Local" />
    <property name="line.separator" value="&#xd;&#xa;" />
    <property name="java.vm.name" value="Java HotSpot(TM) 64-Bit Server VM" />
    <property name="env.PATHEXT" value=".COM;.EXE;.BAT;.CMD;.VBS;.VBE;.JS;.JSE;.WSF;.WSH;.MSC" />
    <property name="env.Path" value="D:/JDK/bin/server;D:/JDK/bin;D:/JDK/lib/amd64;C:\ProgramData\Oracle\Java\javapath;C:\Windows\system32;C:\Windows;C:\Windows\System32\Wbem;C:\Windows\System32\WindowsPowerShell\v1.0\;&quot;D:\JDK\bin;D:\JDK\jre\bin&quot;;\;D:\Android\Git\Git\cmd;E:\PYT\Scripts\;E:\PYT\;C:\Users\Wangqian\AppData\Local\Microsoft\WindowsApps;&quot;E:\PYT\Scripts;&quot;;;E:\SHDownload\pic\搜狐影音\5.2.7.2;D:\Eclipse\eclipse\eclipse;" />
    <property name="basedir" value="D:\Eclipse_code\InterfaceAutomation" />
    <property name="ant.java.version" value="1.8" />
    <property name="ant.core.lib" value="D:\Eclipse\eclipse\eclipse\plugins\org.apache.ant_1.10.1.v20170504-0840\lib\ant.jar" />
    <property name="env.USERNAME" value="Wangqian" />
    <property name="env.SHPLAYER" value="E:\SHDownload\pic\搜狐影音\5.2.7.2" />
    <property name="env.SystemDrive" value="C:" />
    <property name="source" value="1.8" />
    <property name="file.encoding" value="GBK" />
    <property name="env.USERDOMAIN" value="DESKTOP-7B87E0E" />
    <property name="java.specification.version" value="1.8" />
    <property name="ant.project.invoked-targets" value="build,V2exAPITest,junitreport" />
    <property name="env.PROCESSOR_LEVEL" value="6" />
  </properties>
  <testcase classname="info.itest.V2exAPITest" name="nodeApi" time="2.685" />
  <system-out><![CDATA[php : php
python : python
qna : qna
]]></system-out>
  <system-err><![CDATA[]]></system-err>
</testsuite>
